<?xml version="1.0" encoding="UTF-8"?>
<testsuite name="KataCapthcaTest" tests="4" skipped="0" failures="0" errors="0" timestamp="2018-11-03T04:28:02" hostname="dujtheps-MacBook-Pro.local" time="0.002">
  <properties/>
  <testcase name="firstPatternRightOperandShouldBeOne" classname="KataCapthcaTest" time="0.001"/>
  <testcase name="firstPatternLeftOperandShouldBeOne" classname="KataCapthcaTest" time="0.0"/>
  <testcase name="firstPatternLeftOperandShouldBeFour" classname="KataCapthcaTest" time="0.0"/>
  <testcase name="firstPatterLeftOperandShouldBeNine" classname="KataCapthcaTest" time="0.0"/>
  <system-out><![CDATA[]]></system-out>
  <system-err><![CDATA[]]></system-err>
</testsuite>
